Username:  rollers
Date:      Tue Mar 27 15:05:34 EDT 2018
 
*** Compiling ***
javac *.java
--- Running first cars ---

Program to output a monthly report of car sales.
Written by Seth Roller.

                    Salesperson
  Model  :   1   2   3   4   5   6   7   8  :  Totals   Maximums
----------------------------------------------------------------
    1    :   0   0   2   0   5   6   3   0  :    16        6
    2    :   5   1   9   0   0   2   3   2  :    22        9
    3    :   0   0   0   1   0   0   0   0  :     1        1
    4    :   1   1   1   0   2   2   2   1  :    10        2
    5    :   5   3   2   0   0   2   5   5  :    22        5
    6    :   2   2   1   0   1   1   0   0  :     7        2
    7    :   3   2   5   0   1   2   0   4  :    17        5
    8    :   3   0   7   1   3   5   2   4  :    25        7
    9    :   0   2   6   1   0   5   2   1  :    17        6
   10    :   4   0   2   0   3   2   1   0  :    12        4
----------------------------------------------------------------
 Totals  :  23  11  35   3  15  27  18  17
Maximums :   5   3   9   1   5   6   5   5

--- Running second cars ---

Program to output a monthly report of car sales.
Written by Seth Roller.

                    Salesperson
  Model  :   1   2   3   4   5   6   7   8  :  Totals   Maximums
----------------------------------------------------------------
    1    :   0   0   6   0   7   6   3   0  :    22        7
    2    :   7   5   9   0   0   6   3   6  :    36        9
    3    :   0   0   0   5   0   0   0   0  :     5        5
    4    :   5   5   5   0   6   6   6   5  :    38        6
    5    :   7   3   6   0   0   6   7   7  :    36        7
    6    :   6   6   5   0   5   5   0   0  :    27        6
    7    :   3   6   7   0   5   6   0   4  :    31        7
    8    :   3   0   7   5   3   7   6   4  :    35        7
    9    :   0   6   6   5   0   7   6   5  :    35        7
   10    :   4   0   6   0   3   6   5   0  :    24        6
----------------------------------------------------------------
 Totals  :  35  31  57  15  29  55  36  31
Maximums :   7   6   9   5   7   7   7   7

rm -f *.class *~ *#
